

[2026-01-09T22:46:15.576Z] [FALLBACK LOG] TO: muhammad.azan18@icloud.com
SUBJECT: Verify your email address - Todo App
BODY:
Hello!

Please verify your email address by clicking the link below:

http://localhost:3000/api/auth/verify-email?token=eyJhbGciOiJIUzI1NiJ9.eyJlbWFpbCI6Im11aGFtbWFkLmF6YW4xOEBpY2xvdWQuY29tIiwiaWF0IjoxNzY3OTk4NzczLCJleHAiOjE3NjgwMDIzNzN9.0TaP1gnnl8BNJ9YLxZYXOdyyoxwWVctFELVzQyXTSmA&callbackURL=%2Flogin

This link will expire in 24 hours.

If you didn't create an account, you can safely ignore this email.

Thanks,
Todo App Team
----------------------------------------

[2026-01-09T22:52:20.914Z] [FALLBACK LOG] TO: muhammad.azan18@icloud.com
SUBJECT: Verify your email address - Todo App
BODY:
Hello!

Please verify your email address by clicking the link below:

http://localhost:3000/api/auth/verify-email?token=eyJhbGciOiJIUzI1NiJ9.eyJlbWFpbCI6Im11aGFtbWFkLmF6YW4xOEBpY2xvdWQuY29tIiwiaWF0IjoxNzY3OTk5MTM5LCJleHAiOjE3NjgwMDI3Mzl9.rgeLagpLRmSsisD851chv7zsc7KWGVLaawcKjbukkLE&callbackURL=%2Flogin

This link will expire in 24 hours.

If you didn't create an account, you can safely ignore this email.

Thanks,
Todo App Team
----------------------------------------

[2026-01-09T22:52:55.302Z] [FALLBACK LOG] TO: muhammad.azan18@icloud.com
SUBJECT: Verify your email address - Todo App
BODY:
Hello!

Please verify your email address by clicking the link below:

http://localhost:3000/api/auth/verify-email?token=eyJhbGciOiJIUzI1NiJ9.eyJlbWFpbCI6Im11aGFtbWFkLmF6YW4xOEBpY2xvdWQuY29tIiwiaWF0IjoxNzY3OTk5MTc0LCJleHAiOjE3NjgwMDI3NzR9.LIll442o-7ikNNbdw-UaVygztI1V9mD8rFjqzCDkAg4&callbackURL=%2Flogin

This link will expire in 24 hours.

If you didn't create an account, you can safely ignore this email.

Thanks,
Todo App Team
----------------------------------------

[2026-01-09T23:05:26.823Z] [FALLBACK LOG] TO: azan96593@gmail.com
SUBJECT: Verify your email address - Todo App
BODY:
Hello!

Please verify your email address by clicking the link below:

http://localhost:3000/api/auth/verify-email?token=eyJhbGciOiJIUzI1NiJ9.eyJlbWFpbCI6ImF6YW45NjU5M0BnbWFpbC5jb20iLCJpYXQiOjE3Njc5OTk5MjYsImV4cCI6MTc2ODAwMzUyNn0.Wgv3nhUUilHCbN9oKSCzNw84e14wKqCVG2sJBdDm_hc&callbackURL=%2Flogin

This link will expire in 24 hours.

If you didn't create an account, you can safely ignore this email.

Thanks,
Todo App Team
----------------------------------------

[2026-01-09T23:07:03.409Z] [FALLBACK LOG] TO: azan96593@gmail.com
SUBJECT: Verify your email address - Todo App
BODY:
Hello!

Please verify your email address by clicking the link below:

http://localhost:3000/api/auth/verify-email?token=eyJhbGciOiJIUzI1NiJ9.eyJlbWFpbCI6ImF6YW45NjU5M0BnbWFpbC5jb20iLCJpYXQiOjE3NjgwMDAwMjIsImV4cCI6MTc2ODAwMzYyMn0.3FS4QvBVRvFr3mrrSq6D_0FCWb0nwl1FDQKpM7GhUvo&callbackURL=%2Flogin

This link will expire in 24 hours.

If you didn't create an account, you can safely ignore this email.

Thanks,
Todo App Team
----------------------------------------

[2026-01-09T23:09:38.094Z] [FALLBACK LOG] TO: azan96593@gmail.com
SUBJECT: Verify your email address - Todo App
BODY:
Hello!

Please verify your email address by clicking the link below:

http://localhost:3000/api/auth/verify-email?token=eyJhbGciOiJIUzI1NiJ9.eyJlbWFpbCI6ImF6YW45NjU5M0BnbWFpbC5jb20iLCJpYXQiOjE3NjgwMDAxNzYsImV4cCI6MTc2ODAwMzc3Nn0.CFRjh4w9Dx2PCJcBNkO3hAFvUzVQI1BRLLB_OaLjAe4&callbackURL=%2Flogin

This link will expire in 24 hours.

If you didn't create an account, you can safely ignore this email.

Thanks,
Todo App Team
----------------------------------------

[2026-01-09T23:11:28.323Z] [FALLBACK LOG] TO: azan96593@gmail.com
SUBJECT: Verify your email address - Todo App
BODY:
Hello!

Please verify your email address by clicking the link below:

http://localhost:3000/api/auth/verify-email?token=eyJhbGciOiJIUzI1NiJ9.eyJlbWFpbCI6ImF6YW45NjU5M0BnbWFpbC5jb20iLCJpYXQiOjE3NjgwMDAyODcsImV4cCI6MTc2ODAwMzg4N30.lGCln_55718wmlszgAw-aA5oONCLrrkv6X2Io3pozhk&callbackURL=%2Flogin

This link will expire in 24 hours.

If you didn't create an account, you can safely ignore this email.

Thanks,
Todo App Team
----------------------------------------

[2026-01-09T23:12:57.580Z] [FALLBACK LOG] TO: azan96593@gmail.com
SUBJECT: Verify your email address - Todo App
BODY:
Hello!

Please verify your email address by clicking the link below:

http://localhost:3000/api/auth/verify-email?token=eyJhbGciOiJIUzI1NiJ9.eyJlbWFpbCI6ImF6YW45NjU5M0BnbWFpbC5jb20iLCJpYXQiOjE3NjgwMDAzNzYsImV4cCI6MTc2ODAwMzk3Nn0.cm7eUKa90YESajc8ULfdwtmWuScwlyj2vYyDozzo1yA&callbackURL=%2Flogin

This link will expire in 24 hours.

If you didn't create an account, you can safely ignore this email.

Thanks,
Todo App Team
----------------------------------------